<?xml version="1.0" encoding="UTF-8"?>
<!-- Generated by org.testng.reporters.JUnitReportReporter -->
<testsuite hostname="WL34743" name="executionEngine.DriverScriptTest" tests="1" failures="0" timestamp="20 Mar 2016 20:53:15 GMT" time="0.031" errors="0">
  <testcase name="f" time="0.031" classname="executionEngine.DriverScriptTest"/>
</testsuite> <!-- executionEngine.DriverScriptTest -->
